Arguments: 
  /Users/tioluwani/.nvm/versions/node/v8.9.4/bin/node /usr/local/Cellar/yarn/1.5.1_1/libexec/bin/yarn.js start

PATH: 
  /Users/tioluwani/.nvm/versions/node/v8.9.4/bin:/usr/local/bin:/usr/bin:/bin:/usr/sbin:/sbin:/Users/tioluwani/Library/Android/sdk/tools:/Users/tioluwani/Library/Android/sdk/platform-tools:/Users/tioluwani/Library/Android/sdk/tools:/Users/tioluwani/Library/Android/sdk/platform-tools

Yarn version: 
  1.5.1

Node version: 
  8.9.4

Platform: 
  darwin x64

npm manifest: 
  {
    "name": "new",
    "version": "1.0.0",
    "description": "",
    "keywords": [],
    "main": "src/index.js",
    "dependencies": {
      "react": "16.3.2",
      "react-dom": "16.3.2",
      "react-scripts": "1.1.4"
    },
    "devDependencies": {},
    "scripts": {
      "start": "react-scripts start",
      "build": "react-scripts build",
      "test": "react-scripts test --env=jsdom",
      "eject": "react-scripts eject"
    }
  }

yarn manifest: 
  No manifest

Lockfile: 
  No lockfile

Trace: 
  Error: Command failed.
  Exit code: 127
  Command: sh
  Arguments: -c react-scripts start
  Directory: /Users/tioluwani/Documents/Projects/react-inline-ravepay-button
  Output:
  
      at ProcessTermError.MessageError (/usr/local/Cellar/yarn/1.5.1_1/libexec/lib/cli.js:186:110)
      at new ProcessTermError (/usr/local/Cellar/yarn/1.5.1_1/libexec/lib/cli.js:226:113)
      at ChildProcess.<anonymous> (/usr/local/Cellar/yarn/1.5.1_1/libexec/lib/cli.js:30281:17)
      at emitTwo (events.js:126:13)
      at ChildProcess.emit (events.js:214:7)
      at maybeClose (internal/child_process.js:925:16)
      at Process.ChildProcess._handle.onexit (internal/child_process.js:209:5)
